<?xml version="1.0" encoding="UTF-8"?>
<testng-results skipped="0" failed="0" ignored="0" total="1" passed="1">
  <reporter-output>
  </reporter-output>
  <suite name="Default suite" duration-ms="3214" started-at="2018-08-07T10:14:45Z" finished-at="2018-08-07T10:14:49Z">
    <groups>
    </groups>
    <test name="Default test" duration-ms="3214" started-at="2018-08-07T10:14:45Z" finished-at="2018-08-07T10:14:49Z">
      <class name="com.man.test.TestDemo">
        <test-method status="PASS" signature="TestDemo()[pri:0, instance:com.man.test.TestDemo@1a3869f4]" name="TestDemo" duration-ms="3195" started-at="2018-08-07T10:14:45Z" finished-at="2018-08-07T10:14:49Z">
          <reporter-output>
          </reporter-output>
        </test-method> <!-- TestDemo -->
      </class> <!-- com.man.test.TestDemo -->
    </test> <!-- Default test -->
  </suite> <!-- Default suite -->
</testng-results>
